# JRE version: OpenJDK Runtime Environment (8.0_76-b03) (build 1.8.0_76-release-b03)
# Java VM: OpenJDK 64-Bit Server VM (25.76-b03 mixed mode windows-amd64 compressed oops)
Heap:
 PSYoungGen      total 210432K, used 4840K [0x00000000eab00000, 0x00000000fa080000, 0x0000000100000000)
  eden space 187392K, 2% used [0x00000000eab00000,0x00000000eafba110,0x00000000f6200000)
  from space 23040K, 0% used [0x00000000f7c00000,0x00000000f7c00000,0x00000000f9280000)
  to   space 26624K, 0% used [0x00000000f6200000,0x00000000f6200000,0x00000000f7c00000)
 ParOldGen       total 173056K, used 35259K [0x00000000c0000000, 0x00000000ca900000, 0x00000000eab00000)
  object space 173056K, 20% used [0x00000000c0000000,0x00000000c226ef80,0x00000000ca900000)
 Metaspace       used 57878K, capacity 59448K, committed 59672K, reserved 1101824K
  class space    used 7601K, capacity 7928K, committed 7968K, reserved 1048576K
GC Heap History (10 events):
Event: 13.439 GC heap before
{Heap before GC invocations=9 (full 2):
 PSYoungGen      total 130048K, used 124416K [0x00000000eab00000, 0x00000000f6480000, 0x0000000100000000)
  eden space 124416K, 100% used [0x00000000eab00000,0x00000000f2480000,0x00000000f2480000)
  from space 5632K, 0% used [0x00000000f3200000,0x00000000f3200000,0x00000000f3780000)
  to   space 13824K, 0% used [0x00000000f2480000,0x00000000f2480000,0x00000000f3200000)
 ParOldGen       total 119296K, used 18765K [0x00000000c0000000, 0x00000000c7480000, 0x00000000eab00000)
  object space 119296K, 15% used [0x00000000c0000000,0x00000000c1253620,0x00000000c7480000)
 Metaspace       used 41434K, capacity 42250K, committed 42664K, reserved 1085440K
  class space    used 5500K, capacity 5697K, committed 5808K, reserved 1048576K
Event: 13.463 GC heap after
Heap after GC invocations=9 (full 2):
 PSYoungGen      total 138240K, used 9546K [0x00000000eab00000, 0x00000000f6680000, 0x0000000100000000)
  eden space 124416K, 0% used [0x00000000eab00000,0x00000000eab00000,0x00000000f2480000)
  from space 13824K, 69% used [0x00000000f2480000,0x00000000f2dd29b8,0x00000000f3200000)
  to   space 13824K, 0% used [0x00000000f5900000,0x00000000f5900000,0x00000000f6680000)
 ParOldGen       total 119296K, used 18773K [0x00000000c0000000, 0x00000000c7480000, 0x00000000eab00000)
  object space 119296K, 15% used [0x00000000c0000000,0x00000000c1255620,0x00000000c7480000)
 Metaspace       used 41434K, capacity 42250K, committed 42664K, reserved 1085440K
  class space    used 5500K, capacity 5697K, committed 5808K, reserved 1048576K
}
Event: 15.933 GC heap before
{Heap before GC invocations=10 (full 2):
 PSYoungGen      total 138240K, used 133962K [0x00000000eab00000, 0x00000000f6680000, 0x0000000100000000)
  eden space 124416K, 100% used [0x00000000eab00000,0x00000000f2480000,0x00000000f2480000)
  from space 13824K, 69% used [0x00000000f2480000,0x00000000f2dd29b8,0x00000000f3200000)
  to   space 13824K, 0% used [0x00000000f5900000,0x00000000f5900000,0x00000000f6680000)
 ParOldGen       total 119296K, used 18773K [0x00000000c0000000, 0x00000000c7480000, 0x00000000eab00000)
  object space 119296K, 15% used [0x00000000c0000000,0x00000000c1255620,0x00000000c7480000)
 Metaspace       used 45479K, capacity 46548K, committed 46888K, reserved 1089536K
  class space    used 6084K, capacity 6322K, committed 6448K, reserved 1048576K
Event: 15.962 GC heap after
Heap after GC invocations=10 (full 2):
 PSYoungGen      total 175616K, used 13819K [0x00000000eab00000, 0x00000000f6c80000, 0x0000000100000000)
  eden space 161792K, 0% used [0x00000000eab00000,0x00000000eab00000,0x00000000f4900000)
  from space 13824K, 99% used [0x00000000f5900000,0x00000000f667ede0,0x00000000f6680000)
  to   space 16384K, 0% used [0x00000000f4900000,0x00000000f4900000,0x00000000f5900000)
 ParOldGen       total 119296K, used 19972K [0x00000000c0000000, 0x00000000c7480000, 0x00000000eab00000)
  object space 119296K, 16% used [0x00000000c0000000,0x00000000c1381228,0x00000000c7480000)
 Metaspace       used 45479K, capacity 46548K, committed 46888K, reserved 1089536K
  class space    used 6084K, capacity 6322K, committed 6448K, reserved 1048576K
}
Event: 22.829 GC heap before
{Heap before GC invocations=11 (full 2):
 PSYoungGen      total 175616K, used 175611K [0x00000000eab00000, 0x00000000f6c80000, 0x0000000100000000)
  eden space 161792K, 100% used [0x00000000eab00000,0x00000000f4900000,0x00000000f4900000)
  from space 13824K, 99% used [0x00000000f5900000,0x00000000f667ede0,0x00000000f6680000)
  to   space 16384K, 0% used [0x00000000f4900000,0x00000000f4900000,0x00000000f5900000)
 ParOldGen       total 119296K, used 19972K [0x00000000c0000000, 0x00000000c7480000, 0x00000000eab00000)
  object space 119296K, 16% used [0x00000000c0000000,0x00000000c1381228,0x00000000c7480000)
 Metaspace       used 54884K, capacity 56286K, committed 56616K, reserved 1097728K
  class space    used 7277K, capacity 7609K, committed 7728K, reserved 1048576K
Event: 22.867 GC heap after
Heap after GC invocations=11 (full 2):
 PSYoungGen      total 178176K, used 16380K [0x00000000eab00000, 0x00000000f9280000, 0x0000000100000000)
  eden space 161792K, 0% used [0x00000000eab00000,0x00000000eab00000,0x00000000f4900000)
  from space 16384K, 99% used [0x00000000f4900000,0x00000000f58ff318,0x00000000f5900000)
  to   space 23040K, 0% used [0x00000000f7c00000,0x00000000f7c00000,0x00000000f9280000)
 ParOldGen       total 119296K, used 31202K [0x00000000c0000000, 0x00000000c7480000, 0x00000000eab00000)
  object space 119296K, 26% used [0x00000000c0000000,0x00000000c1e78a08,0x00000000c7480000)
 Metaspace       used 54884K, capacity 56286K, committed 56616K, reserved 1097728K
  class space    used 7277K, capacity 7609K, committed 7728K, reserved 1048576K
}
Event: 25.189 GC heap before
{Heap before GC invocations=12 (full 2):
 PSYoungGen      total 178176K, used 102716K [0x00000000eab00000, 0x00000000f9280000, 0x0000000100000000)
  eden space 161792K, 53% used [0x00000000eab00000,0x00000000eff4fd38,0x00000000f4900000)
  from space 16384K, 99% used [0x00000000f4900000,0x00000000f58ff318,0x00000000f5900000)
  to   space 23040K, 0% used [0x00000000f7c00000,0x00000000f7c00000,0x00000000f9280000)
 ParOldGen       total 119296K, used 31202K [0x00000000c0000000, 0x00000000c7480000, 0x00000000eab00000)
  object space 119296K, 26% used [0x00000000c0000000,0x00000000c1e78a08,0x00000000c7480000)
 Metaspace       used 57552K, capacity 59046K, committed 59160K, reserved 1099776K
  class space    used 7553K, capacity 7857K, committed 7968K, reserved 1048576K
Event: 25.246 GC heap after
Heap after GC invocations=12 (full 2):
 PSYoungGen      total 210432K, used 23012K [0x00000000eab00000, 0x00000000fa080000, 0x0000000100000000)
  eden space 187392K, 0% used [0x00000000eab00000,0x00000000eab00000,0x00000000f6200000)
  from space 23040K, 99% used [0x00000000f7c00000,0x00000000f9279138,0x00000000f9280000)
  to   space 26624K, 0% used [0x00000000f6200000,0x00000000f6200000,0x00000000f7c00000)
 ParOldGen       total 119296K, used 31784K [0x00000000c0000000, 0x00000000c7480000, 0x00000000eab00000)
  object space 119296K, 26% used [0x00000000c0000000,0x00000000c1f0a0c0,0x00000000c7480000)
 Metaspace       used 57552K, capacity 59046K, committed 59160K, reserved 1099776K
  class space    used 7553K, capacity 7857K, committed 7968K, reserved 1048576K
}
Event: 25.246 GC heap before
{Heap before GC invocations=13 (full 3):
 PSYoungGen      total 210432K, used 23012K [0x00000000eab00000, 0x00000000fa080000, 0x0000000100000000)
  eden space 187392K, 0% used [0x00000000eab00000,0x00000000eab00000,0x00000000f6200000)
  from space 23040K, 99% used [0x00000000f7c00000,0x00000000f9279138,0x00000000f9280000)
  to   space 26624K, 0% used [0x00000000f6200000,0x00000000f6200000,0x00000000f7c00000)
 ParOldGen       total 119296K, used 31784K [0x00000000c0000000, 0x00000000c7480000, 0x00000000eab00000)
  object space 119296K, 26% used [0x00000000c0000000,0x00000000c1f0a0c0,0x00000000c7480000)
 Metaspace       used 57552K, capacity 59046K, committed 59160K, reserved 1099776K
  class space    used 7553K, capacity 7857K, committed 7968K, reserved 1048576K
Event: 25.581 GC heap after
Heap after GC invocations=13 (full 3):
 PSYoungGen      total 210432K, used 0K [0x00000000eab00000, 0x00000000fa080000, 0x0000000100000000)
  eden space 187392K, 0% used [0x00000000eab00000,0x00000000eab00000,0x00000000f6200000)
  from space 23040K, 0% used [0x00000000f7c00000,0x00000000f7c00000,0x00000000f9280000)
  to   space 26624K, 0% used [0x00000000f6200000,0x00000000f6200000,0x00000000f7c00000)
 ParOldGen       total 173056K, used 35259K [0x00000000c0000000, 0x00000000ca900000, 0x00000000eab00000)
  object space 173056K, 20% used [0x00000000c0000000,0x00000000c226ef80,0x00000000ca900000)
 Metaspace       used 57551K, capacity 59040K, committed 59160K, reserved 1099776K
  class space    used 7553K, capacity 7856K, committed 7968K, reserved 1048576K
}

